Determining if the pthread_create exist failed with the following output:
Change Dir: /home/ubuntu/kent/MutiLidar/AutoCalibration_2016_12/Euler2Matrix/CMakeFiles/CMakeTmp

Run Build Command:"/usr/bin/make" "cmTC_b4e13/fast"
/usr/bin/make -f CMakeFiles/cmTC_b4e13.dir/build.make CMakeFiles/cmTC_b4e13.dir/build
make[1]: Entering directory `/home/ubuntu/kent/MutiLidar/AutoCalibration_2016_12/Euler2Matrix/CMakeFiles/CMakeTmp'
Building C object CMakeFiles/cmTC_b4e13.dir/CheckSymbolExists.c.o
/usr/bin/cc    -o CMakeFiles/cmTC_b4e13.dir/CheckSymbolExists.c.o   -c /home/ubuntu/kent/MutiLidar/AutoCalibration_2016_12/Euler2Matrix/CMakeFiles/CMakeTmp/CheckSymbolExists.c
Linking C executable cmTC_b4e13
/usr/local/bin/cmake -E cmake_link_script CMakeFiles/cmTC_b4e13.dir/link.txt --verbose=1
/usr/bin/cc      -rdynamic CMakeFiles/cmTC_b4e13.dir/CheckSymbolExists.c.o  -o cmTC_b4e13 
CMakeFiles/cmTC_b4e13.dir/CheckSymbolExists.c.o: In function `main':
CheckSymbolExists.c:(.text+0x16): undefined reference to `pthread_create'
collect2: error: ld returned 1 exit status
make[1]: *** [cmTC_b4e13] Error 1
make[1]: Leaving directory `/home/ubuntu/kent/MutiLidar/AutoCalibration_2016_12/Euler2Matrix/CMakeFiles/CMakeTmp'
make: *** [cmTC_b4e13/fast] Error 2

File /home/ubuntu/kent/MutiLidar/AutoCalibration_2016_12/Euler2Matrix/CMakeFiles/CMakeTmp/CheckSymbolExists.c:
/* */
#include <pthread.h>

int main(int argc, char** argv)
{
  (void)argv;
#ifndef pthread_create
  return ((int*)(&pthread_create))[argc];
#else
  (void)argc;
  return 0;
#endif
}

Determining if the function pthread_create exists in the pthreads failed with the following output:
Change Dir: /home/ubuntu/kent/MutiLidar/AutoCalibration_2016_12/Euler2Matrix/CMakeFiles/CMakeTmp

Run Build Command:"/usr/bin/make" "cmTC_ccd0e/fast"
/usr/bin/make -f CMakeFiles/cmTC_ccd0e.dir/build.make CMakeFiles/cmTC_ccd0e.dir/build
make[1]: Entering directory `/home/ubuntu/kent/MutiLidar/AutoCalibration_2016_12/Euler2Matrix/CMakeFiles/CMakeTmp'
Building C object CMakeFiles/cmTC_ccd0e.dir/CheckFunctionExists.c.o
/usr/bin/cc   -DCHECK_FUNCTION_EXISTS=pthread_create   -o CMakeFiles/cmTC_ccd0e.dir/CheckFunctionExists.c.o   -c /usr/local/share/cmake-3.9/Modules/CheckFunctionExists.c
Linking C executable cmTC_ccd0e
/usr/local/bin/cmake -E cmake_link_script CMakeFiles/cmTC_ccd0e.dir/link.txt --verbose=1
/usr/bin/cc  -DCHECK_FUNCTION_EXISTS=pthread_create    -rdynamic CMakeFiles/cmTC_ccd0e.dir/CheckFunctionExists.c.o  -o cmTC_ccd0e -lpthreads 
/usr/bin/ld: cannot find -lpthreads
collect2: error: ld returned 1 exit status
make[1]: *** [cmTC_ccd0e] Error 1
make[1]: Leaving directory `/home/ubuntu/kent/MutiLidar/AutoCalibration_2016_12/Euler2Matrix/CMakeFiles/CMakeTmp'
make: *** [cmTC_ccd0e/fast] Error 2


Determining if the pthread_create exist failed with the following output:
Change Dir: /home/ubuntu/kent/MutiLidar/AutoCalibration_2018_08/Euler2Matrix/CMakeFiles/CMakeTmp

Run Build Command:"/usr/bin/make" "cmTC_47b3f/fast"
/usr/bin/make -f CMakeFiles/cmTC_47b3f.dir/build.make CMakeFiles/cmTC_47b3f.dir/build
make[1]: Entering directory `/home/ubuntu/kent/MutiLidar/AutoCalibration_2018_08/Euler2Matrix/CMakeFiles/CMakeTmp'
Building C object CMakeFiles/cmTC_47b3f.dir/CheckSymbolExists.c.o
/usr/bin/cc    -o CMakeFiles/cmTC_47b3f.dir/CheckSymbolExists.c.o   -c /home/ubuntu/kent/MutiLidar/AutoCalibration_2018_08/Euler2Matrix/CMakeFiles/CMakeTmp/CheckSymbolExists.c
Linking C executable cmTC_47b3f
/usr/local/bin/cmake -E cmake_link_script CMakeFiles/cmTC_47b3f.dir/link.txt --verbose=1
/usr/bin/cc      -rdynamic CMakeFiles/cmTC_47b3f.dir/CheckSymbolExists.c.o  -o cmTC_47b3f 
CMakeFiles/cmTC_47b3f.dir/CheckSymbolExists.c.o: In function `main':
CheckSymbolExists.c:(.text+0x16): undefined reference to `pthread_create'
collect2: error: ld returned 1 exit status
make[1]: *** [cmTC_47b3f] Error 1
make[1]: Leaving directory `/home/ubuntu/kent/MutiLidar/AutoCalibration_2018_08/Euler2Matrix/CMakeFiles/CMakeTmp'
make: *** [cmTC_47b3f/fast] Error 2

File /home/ubuntu/kent/MutiLidar/AutoCalibration_2018_08/Euler2Matrix/CMakeFiles/CMakeTmp/CheckSymbolExists.c:
/* */
#include <pthread.h>

int main(int argc, char** argv)
{
  (void)argv;
#ifndef pthread_create
  return ((int*)(&pthread_create))[argc];
#else
  (void)argc;
  return 0;
#endif
}

Determining if the function pthread_create exists in the pthreads failed with the following output:
Change Dir: /home/ubuntu/kent/MutiLidar/AutoCalibration_2018_08/Euler2Matrix/CMakeFiles/CMakeTmp

Run Build Command:"/usr/bin/make" "cmTC_8c957/fast"
/usr/bin/make -f CMakeFiles/cmTC_8c957.dir/build.make CMakeFiles/cmTC_8c957.dir/build
make[1]: Entering directory `/home/ubuntu/kent/MutiLidar/AutoCalibration_2018_08/Euler2Matrix/CMakeFiles/CMakeTmp'
Building C object CMakeFiles/cmTC_8c957.dir/CheckFunctionExists.c.o
/usr/bin/cc   -DCHECK_FUNCTION_EXISTS=pthread_create   -o CMakeFiles/cmTC_8c957.dir/CheckFunctionExists.c.o   -c /usr/local/share/cmake-3.9/Modules/CheckFunctionExists.c
Linking C executable cmTC_8c957
/usr/local/bin/cmake -E cmake_link_script CMakeFiles/cmTC_8c957.dir/link.txt --verbose=1
/usr/bin/cc  -DCHECK_FUNCTION_EXISTS=pthread_create    -rdynamic CMakeFiles/cmTC_8c957.dir/CheckFunctionExists.c.o  -o cmTC_8c957 -lpthreads 
/usr/bin/ld: cannot find -lpthreads
collect2: error: ld returned 1 exit status
make[1]: *** [cmTC_8c957] Error 1
make[1]: Leaving directory `/home/ubuntu/kent/MutiLidar/AutoCalibration_2018_08/Euler2Matrix/CMakeFiles/CMakeTmp'
make: *** [cmTC_8c957/fast] Error 2


